2025-11-18 17:40:59,970 - INFO - ============================================================
2025-11-18 17:40:59,970 - INFO - Starting live camera inspection...
2025-11-18 17:40:59,970 - INFO - Using rule-based detection
2025-11-18 17:40:59,970 - INFO - Camera window will open shortly...
2025-11-18 17:40:59,970 - INFO - ============================================================
2025-11-18 17:41:56,338 - INFO - ============================================================
2025-11-18 17:41:56,353 - INFO - Camera inspection completed!
2025-11-18 17:41:56,359 - INFO - ============================================================
2025-11-18 18:47:38,683 - INFO - ============================================================
2025-11-18 18:47:38,699 - INFO - Starting live camera inspection...
2025-11-18 18:47:38,703 - INFO - Using rule-based detection
2025-11-18 18:47:38,706 - INFO - Camera window will open shortly...
2025-11-18 18:47:38,708 - INFO - ============================================================
2025-11-18 18:49:25,664 - INFO - ============================================================
2025-11-18 18:49:25,673 - INFO - Camera inspection completed!
2025-11-18 18:49:25,686 - INFO - ============================================================
2025-11-18 18:55:48,795 - INFO - ============================================================
2025-11-18 18:55:49,077 - INFO - Starting live camera inspection...
2025-11-18 18:55:49,161 - INFO - Using rule-based detection
2025-11-18 18:55:49,181 - INFO - Camera window will open shortly...
2025-11-18 18:55:49,212 - INFO - ============================================================
2025-11-18 18:56:47,954 - INFO - ============================================================
2025-11-18 18:56:47,976 - INFO - Camera inspection completed!
2025-11-18 18:56:47,988 - INFO - ============================================================
2025-11-18 19:01:54,514 - INFO - ============================================================
2025-11-18 19:01:54,559 - INFO - Starting live camera inspection...
2025-11-18 19:01:54,559 - INFO - Using rule-based detection
2025-11-18 19:01:54,559 - INFO - Camera window will open shortly...
2025-11-18 19:01:54,559 - INFO - ============================================================
2025-11-18 19:02:51,215 - INFO - ============================================================
2025-11-18 19:02:51,268 - INFO - Camera inspection completed!
2025-11-18 19:02:51,298 - INFO - ============================================================
2025-11-18 19:10:34,020 - INFO - ============================================================
2025-11-18 19:10:34,035 - INFO - Starting live camera inspection...
2025-11-18 19:10:34,037 - INFO - Using rule-based detection
2025-11-18 19:10:34,039 - INFO - Camera window will open shortly...
2025-11-18 19:10:34,041 - INFO - ============================================================
2025-11-18 19:11:35,160 - INFO - ============================================================
2025-11-18 19:11:35,175 - INFO - Camera inspection completed!
2025-11-18 19:11:35,187 - INFO - ============================================================
2025-11-18 19:24:01,043 - INFO - ============================================================
2025-11-18 19:24:01,043 - INFO - Starting live camera inspection...
2025-11-18 19:24:01,059 - INFO - Using rule-based detection
2025-11-18 19:24:01,059 - INFO - Camera window will open shortly...
2025-11-18 19:24:01,059 - INFO - ============================================================
2025-11-18 20:05:58,738 - INFO - ============================================================
2025-11-18 20:05:58,781 - INFO - Camera inspection completed!
2025-11-18 20:05:58,859 - INFO - ============================================================
2025-11-18 21:41:47,121 - INFO - ============================================================
2025-11-18 21:41:47,121 - INFO - Starting live camera inspection...
2025-11-18 21:41:47,121 - INFO - Using rule-based detection
2025-11-18 21:41:47,140 - INFO - Camera window will open shortly...
2025-11-18 21:41:47,142 - INFO - ============================================================
2025-11-18 21:43:12,433 - INFO - ============================================================
2025-11-18 21:43:12,449 - INFO - Camera inspection completed!
2025-11-18 21:43:12,457 - INFO - ============================================================
2025-11-18 23:47:25,464 - INFO - ============================================================
2025-11-18 23:47:25,495 - INFO - Starting live camera inspection...
2025-11-18 23:47:25,497 - INFO - Using rule-based detection
2025-11-18 23:47:25,499 - INFO - Camera window will open shortly...
2025-11-18 23:47:25,501 - INFO - ============================================================
2025-11-19 00:15:08,543 - INFO - ============================================================
2025-11-19 00:15:08,573 - INFO - Camera inspection completed!
2025-11-19 00:15:08,595 - INFO - ============================================================
